-------------------------------------------------------------------------------
Test set: orderTest.CreateOrderTests
-------------------------------------------------------------------------------
Tests run: 7, Failures: 0, Errors: 6, Skipped: 0, Time elapsed: 7.717 s <<< FAILURE! - in orderTest.CreateOrderTests
createOrderWithAuthTest(orderTest.CreateOrderTests)  Time elapsed: 5.455 s  <<< ERROR!
java.lang.ClassCastException: class io.restassured.path.xml.XmlPath cannot be cast to class java.util.List (io.restassured.path.xml.XmlPath is in unnamed module of loader 'app'; java.util.List is in module java.base of loader 'bootstrap')
	at orderTest.CreateOrderTests.createOrderWithAuthTest(CreateOrderTests.java:43)

createOrderWithAuthTest(orderTest.CreateOrderTests)  Time elapsed: 5.455 s  <<< ERROR!
java.lang.NullPointerException
	at orderTest.CreateOrderTests.teardown(CreateOrderTests.java:33)

createOrderWithAuthAndWithoutIngredientsTest(orderTest.CreateOrderTests)  Time elapsed: 0.421 s  <<< ERROR!
java.lang.ClassCastException: class io.restassured.path.xml.XmlPath cannot be cast to class java.util.List (io.restassured.path.xml.XmlPath is in unnamed module of loader 'app'; java.util.List is in module java.base of loader 'bootstrap')
	at orderTest.CreateOrderTests.createOrderWithAuthAndWithoutIngredientsTest(CreateOrderTests.java:90)

createOrderWithAuthAndWithoutIngredientsTest(orderTest.CreateOrderTests)  Time elapsed: 0.421 s  <<< ERROR!
java.lang.NullPointerException
	at orderTest.CreateOrderTests.teardown(CreateOrderTests.java:33)

createOrderWithoutAuthAndWithoutIngredientsTest(orderTest.CreateOrderTests)  Time elapsed: 0.411 s  <<< ERROR!
java.lang.ClassCastException: class io.restassured.path.xml.XmlPath cannot be cast to class java.util.List (io.restassured.path.xml.XmlPath is in unnamed module of loader 'app'; java.util.List is in module java.base of loader 'bootstrap')
	at orderTest.CreateOrderTests.createOrderWithoutAuthAndWithoutIngredientsTest(CreateOrderTests.java:66)

createOrderWithoutAuthAndWithoutIngredientsTest(orderTest.CreateOrderTests)  Time elapsed: 0.411 s  <<< ERROR!
java.lang.NullPointerException
	at orderTest.CreateOrderTests.teardown(CreateOrderTests.java:33)

